<?xml version="1.0" encoding="UTF-8"?>
<!-- Generated by org.testng.reporters.JUnitReportReporter -->
<testsuite hostname="ANAND" failures="0" tests="2" name="DemoBlazeTestcases.LoginTc" time="4.281" errors="0" timestamp="2025-03-25T12:44:57 IST" skipped="0">
  <testcase classname="DemoBlazeTestcases.LoginTc" name="Login_TC_for_invaliddata" time="0.687"/>
  <system-out/>
  <testcase classname="DemoBlazeTestcases.LoginTc" name="Login_TC_for_validdata" time="3.594"/>
  <system-out/>
</testsuite> <!-- DemoBlazeTestcases.LoginTc -->
