<?xml version="1.0" encoding="UTF-8"?>
<!-- Generated by org.testng.reporters.JUnitReportReporter -->
<testsuite hostname="ANAND" failures="0" tests="2" name="Runner.DemoTestNGRunner" time="11.224" errors="0" timestamp="2025-03-24T09:17:29 IST" skipped="0">
  <testcase classname="Runner.DemoTestNGRunner" name="runScenario" time="6.323"/>
  <system-out/>
  <testcase classname="Runner.DemoTestNGRunner" name="runScenario" time="4.901"/>
  <system-out/>
</testsuite> <!-- Runner.DemoTestNGRunner -->
