<?xml version="1.0" encoding="UTF-8"?>
<!-- Generated by org.testng.reporters.JUnitReportReporter -->
<testsuite hostname="ANAND" failures="0" tests="1" name="DemoBlazeTestcases.LogoutTC" time="4.654" errors="0" timestamp="2025-03-25T09:48:03 IST" skipped="0">
  <testcase classname="DemoBlazeTestcases.LogoutTC" name="Logout_Tc" time="4.654"/>
  <system-out/>
</testsuite> <!-- DemoBlazeTestcases.LogoutTC -->
