<?xml version="1.0" encoding="UTF-8"?>
<!-- Generated by org.testng.reporters.JUnitReportReporter -->
<testsuite hostname="ANAND" failures="0" tests="1" name="DemoBlazeTestcases.AddingproductTc" time="4.509" errors="0" timestamp="2025-03-25T17:53:14 IST" skipped="0">
  <testcase classname="DemoBlazeTestcases.AddingproductTc" name="Adding_product_TC" time="4.509"/>
  <system-out/>
</testsuite> <!-- DemoBlazeTestcases.AddingproductTc -->
