<?xml version="1.0" encoding="UTF-8"?>
<!-- Generated by org.testng.reporters.JUnitReportReporter -->
<testsuite hostname="ANAND" failures="0" tests="3" name="DemoBlazeTestcases.Checkout_productTC" time="13.325" errors="0" timestamp="2025-03-25T09:48:03 IST" skipped="0">
  <testcase classname="DemoBlazeTestcases.Checkout_productTC" name="Adding_product_to_cart" time="5.427"/>
  <system-out/>
  <testcase classname="DemoBlazeTestcases.Checkout_productTC" name="Checkout_product_with_invalid" time="2.324"/>
  <system-out/>
  <testcase classname="DemoBlazeTestcases.Checkout_productTC" name="Checkout_product_with_valid" time="5.574"/>
  <system-out/>
</testsuite> <!-- DemoBlazeTestcases.Checkout_productTC -->
