<?xml version="1.0" encoding="UTF-8"?>
<!-- Generated by org.testng.reporters.JUnitReportReporter -->
<testsuite hostname="ANAND" failures="0" tests="2" name="DemoBlazeTestcases.LoginTc" time="7.981" errors="0" timestamp="2025-03-25T10:42:28 IST" skipped="0">
  <testcase classname="DemoBlazeTestcases.LoginTc" name="Login_TC_for_invaliddata" time="1.021"/>
  <system-out/>
  <testcase classname="DemoBlazeTestcases.LoginTc" name="Login_TC_for_validdata" time="6.960"/>
  <system-out/>
</testsuite> <!-- DemoBlazeTestcases.LoginTc -->
