<?xml version="1.0" encoding="UTF-8"?>
<!-- Generated by org.testng.reporters.JUnitReportReporter -->
<testsuite hostname="ANAND" failures="0" tests="1" name="DemoBlazeTestcases.AddingproductTc" time="17.869" errors="0" timestamp="2025-03-25T10:42:28 IST" skipped="0">
  <testcase classname="DemoBlazeTestcases.AddingproductTc" name="Adding_product_TC" time="17.869"/>
  <system-out/>
</testsuite> <!-- DemoBlazeTestcases.AddingproductTc -->
