<?xml version="1.0" encoding="UTF-8"?>
<!-- Generated by org.testng.reporters.JUnitReportReporter -->
<testsuite hostname="ANAND" failures="0" tests="2" name="DemoBlazeTestcases.Add_multiple_productsTC" time="7.299" errors="0" timestamp="2025-03-23T16:16:49 IST" skipped="0">
  <testcase classname="DemoBlazeTestcases.Add_multiple_productsTC" name="Adding_1stproduct_TC" time="4.304"/>
  <system-out/>
  <testcase classname="DemoBlazeTestcases.Add_multiple_productsTC" name="Adding_2nd_productTc" time="2.995"/>
  <system-out/>
</testsuite> <!-- DemoBlazeTestcases.Add_multiple_productsTC -->
