<?xml version="1.0" encoding="UTF-8"?>
<!-- Generated by org.testng.reporters.JUnitReportReporter -->
<testsuite hostname="ANAND" failures="0" tests="2" name="DemoBlazeTestcases.SignupTc" time="3.031" errors="0" timestamp="2025-03-25T14:35:25 IST" skipped="0">
  <testcase classname="DemoBlazeTestcases.SignupTc" name="Signup_TC_for_Invalid" time="0.910"/>
  <system-out/>
  <testcase classname="DemoBlazeTestcases.SignupTc" name="Signup_TC_for_validdata" time="2.121"/>
  <system-out/>
</testsuite> <!-- DemoBlazeTestcases.SignupTc -->
