<?xml version="1.0" encoding="UTF-8"?>
<!-- Generated by org.testng.reporters.JUnitReportReporter -->
<testsuite hostname="ANAND" failures="0" tests="2" name="DemoBlazeTestcases.SignupTc" time="4.010" errors="0" timestamp="2025-03-25T10:42:28 IST" skipped="0">
  <testcase classname="DemoBlazeTestcases.SignupTc" name="Signup_TC_for_Invalid" time="0.914"/>
  <system-out/>
  <testcase classname="DemoBlazeTestcases.SignupTc" name="Signup_TC_for_validdata" time="3.096"/>
  <system-out/>
</testsuite> <!-- DemoBlazeTestcases.SignupTc -->
