<?xml version="1.0" encoding="UTF-8"?>
<!-- Generated by org.testng.reporters.JUnitReportReporter -->
<testsuite hostname="ANAND" failures="0" tests="3" name="DemoBlazeTestcases.Checkout_productTC" time="15.119" errors="0" timestamp="2025-03-24T15:25:27 IST" skipped="0">
  <testcase classname="DemoBlazeTestcases.Checkout_productTC" name="Adding_product_to_cart" time="6.288"/>
  <system-out/>
  <testcase classname="DemoBlazeTestcases.Checkout_productTC" name="Checkout_product_with_invalid" time="3.221"/>
  <system-out/>
  <testcase classname="DemoBlazeTestcases.Checkout_productTC" name="Checkout_product_with_valid" time="5.610"/>
  <system-out/>
</testsuite> <!-- DemoBlazeTestcases.Checkout_productTC -->
